  DAT154_Oblig1.cpp
C:\Users\fredn\source\repos\DAT154_Oblig1\DAT154_Oblig1.cpp(140,41): warning C4267: 'argument': conversion from 'size_t' to 'int', possible loss of data
C:\Users\fredn\source\repos\DAT154_Oblig1\DAT154_Oblig1.cpp(142,41): warning C4267: 'argument': conversion from 'size_t' to 'int', possible loss of data
C:\Users\fredn\source\repos\DAT154_Oblig1\DAT154_Oblig1.cpp(294,17): warning C4101: 'hOrg': unreferenced local variable
C:\Users\fredn\source\repos\DAT154_Oblig1\DAT154_Oblig1.cpp(293,16): warning C4101: 'hBrush': unreferenced local variable
DAT154_Oblig1.obj : error LNK2019: unresolved external symbol "public: __cdecl Car::Car(int)" (??0Car@@QEAA@H@Z) referenced in function "void __cdecl makeCar(int)" (?makeCar@@YAXH@Z)
DAT154_Oblig1.obj : error LNK2019: unresolved external symbol "public: __cdecl Car::Car(class Car const &)" (??0Car@@QEAA@AEBV0@@Z) referenced in function "public: static void __cdecl std::_Default_allocator_traits<class std::allocator<class Car> >::construct<class Car,class Car &>(class std::allocator<class Car> &,class Car * const,class Car &)" (??$construct@VCar@@AEAV1@@?$_Default_allocator_traits@V?$allocator@VCar@@@std@@@std@@SAXAEAV?$allocator@VCar@@@1@QEAVCar@@AEAV3@@Z)
DAT154_Oblig1.obj : error LNK2019: unresolved external symbol "public: __cdecl Car::~Car(void)" (??1Car@@QEAA@XZ) referenced in function "public: void * __cdecl Car::`scalar deleting destructor'(unsigned int)" (??_GCar@@QEAAPEAXI@Z)
DAT154_Oblig1.obj : error LNK2019: unresolved external symbol "public: int __cdecl Car::getNr(void)" (?getNr@Car@@QEAAHXZ) referenced in function "void __cdecl updateCars(void)" (?updateCars@@YAXXZ)
DAT154_Oblig1.obj : error LNK2019: unresolved external symbol "public: int __cdecl Car::getDirection(void)" (?getDirection@Car@@QEAAHXZ) referenced in function "bool __cdecl checkAvailable(class Car)" (?checkAvailable@@YA_NVCar@@@Z)
DAT154_Oblig1.obj : error LNK2019: unresolved external symbol "public: int __cdecl Car::getTop(void)" (?getTop@Car@@QEAAHXZ) referenced in function "void __cdecl drawCars(struct HDC__ *)" (?drawCars@@YAXPEAUHDC__@@@Z)
DAT154_Oblig1.obj : error LNK2019: unresolved external symbol "public: int __cdecl Car::getLeft(void)" (?getLeft@Car@@QEAAHXZ) referenced in function "bool __cdecl checkAvailable(class Car)" (?checkAvailable@@YA_NVCar@@@Z)
DAT154_Oblig1.obj : error LNK2019: unresolved external symbol "public: int __cdecl Car::getRight(void)" (?getRight@Car@@QEAAHXZ) referenced in function "void __cdecl drawCars(struct HDC__ *)" (?drawCars@@YAXPEAUHDC__@@@Z)
DAT154_Oblig1.obj : error LNK2019: unresolved external symbol "public: int __cdecl Car::getBottom(void)" (?getBottom@Car@@QEAAHXZ) referenced in function "bool __cdecl checkAvailable(class Car)" (?checkAvailable@@YA_NVCar@@@Z)
DAT154_Oblig1.obj : error LNK2019: unresolved external symbol "public: void __cdecl Car::setTop(int)" (?setTop@Car@@QEAAXH@Z) referenced in function "void __cdecl makeCar(int)" (?makeCar@@YAXH@Z)
DAT154_Oblig1.obj : error LNK2019: unresolved external symbol "public: void __cdecl Car::setLeft(int)" (?setLeft@Car@@QEAAXH@Z) referenced in function "void __cdecl makeCar(int)" (?makeCar@@YAXH@Z)
DAT154_Oblig1.obj : error LNK2019: unresolved external symbol "public: void __cdecl Car::setRight(int)" (?setRight@Car@@QEAAXH@Z) referenced in function "void __cdecl makeCar(int)" (?makeCar@@YAXH@Z)
DAT154_Oblig1.obj : error LNK2019: unresolved external symbol "public: void __cdecl Car::setBottom(int)" (?setBottom@Car@@QEAAXH@Z) referenced in function "void __cdecl makeCar(int)" (?makeCar@@YAXH@Z)
DAT154_Oblig1.obj : error LNK2019: unresolved external symbol "public: void __cdecl Car::setDirection(int)" (?setDirection@Car@@QEAAXH@Z) referenced in function "void __cdecl makeCar(int)" (?makeCar@@YAXH@Z)
C:\Users\fredn\source\repos\DAT154_Oblig1\x64\Debug\DAT154_Oblig1.exe : fatal error LNK1120: 14 unresolved externals
